c:\users\27746\desktop\kaku-framework-main\kaku-framework-main\tools\x64\debug\tools.pch
c:\users\27746\desktop\kaku-framework-main\kaku-framework-main\tools\x64\debug\vc143.pdb
c:\users\27746\desktop\kaku-framework-main\kaku-framework-main\tools\x64\debug\vc143.idb
c:\users\27746\desktop\kaku-framework-main\kaku-framework-main\tools\x64\debug\pch.obj
c:\users\27746\desktop\kaku-framework-main\kaku-framework-main\tools\x64\debug\tools.obj
c:\users\27746\desktop\kaku-framework-main\kaku-framework-main\tools\x64\debug\score.obj
c:\users\27746\desktop\kaku-framework-main\kaku-framework-main\tools\x64\debug\dllmain.obj
c:\users\27746\desktop\kaku-framework-main\kaku-framework-main\tools\x64\debug\promationfactory.obj
c:\users\27746\desktop\kaku-framework-main\kaku-framework-main\tools\x64\debug\bytestream.obj
c:\users\27746\desktop\kaku-framework-main\kaku-framework-main\tools\x64\debug\abstractdatastructureinterface.obj
c:\users\27746\desktop\kaku-framework-main\kaku-framework-main\tools\x64\debug\hashalgorithm.obj
c:\users\27746\desktop\kaku-framework-main\kaku-framework-main\tools\x64\debug\tools.ilk
c:\users\27746\desktop\kaku-framework-main\kaku-framework-main\x64\debug\tools.dll
c:\users\27746\desktop\kaku-framework-main\kaku-framework-main\x64\debug\tools.pdb
c:\users\27746\desktop\kaku-framework-main\kaku-framework-main\tools\x64\debug\tools.res
f:\project\6131阅读王\reader\x64\debug\tools.lib
f:\project\6131阅读王\reader\x64\debug\tools.exp
c:\users\27746\desktop\kaku-framework-main\kaku-framework-main\x64\debug\tools.lib
c:\users\27746\desktop\kaku-framework-main\kaku-framework-main\x64\debug\tools.exp
c:\users\27746\desktop\kaku-framework-main\kaku-framework-main\tools\x64\debug\pipe.obj
c:\users\27746\desktop\kaku-framework-main\kaku-framework-main\tools\x64\debug\tools.tlog\cl.command.1.tlog
c:\users\27746\desktop\kaku-framework-main\kaku-framework-main\tools\x64\debug\tools.tlog\cl.read.1.tlog
c:\users\27746\desktop\kaku-framework-main\kaku-framework-main\tools\x64\debug\tools.tlog\cl.write.1.tlog
c:\users\27746\desktop\kaku-framework-main\kaku-framework-main\tools\x64\debug\tools.tlog\link.command.1.tlog
c:\users\27746\desktop\kaku-framework-main\kaku-framework-main\tools\x64\debug\tools.tlog\link.read.1.tlog
c:\users\27746\desktop\kaku-framework-main\kaku-framework-main\tools\x64\debug\tools.tlog\link.write.1.tlog
c:\users\27746\desktop\kaku-framework-main\kaku-framework-main\tools\x64\debug\tools.tlog\rc.command.1.tlog
c:\users\27746\desktop\kaku-framework-main\kaku-framework-main\tools\x64\debug\tools.tlog\rc.read.1.tlog
c:\users\27746\desktop\kaku-framework-main\kaku-framework-main\tools\x64\debug\tools.tlog\rc.write.1.tlog
c:\users\27746\desktop\kaku-framework-main\kaku-framework-main\tools\x64\debug\tools.tlog\tools.write.1u.tlog
