  System.cpp
F:\project\6131阅读王\Tools\Pipe.h(44,2): warning C4091: “__declspec(dllexport)”: 没有声明变量时忽略“Device”的左侧
F:\project\6131阅读王\Tools\Pipe.h(70,39): warning C4251: “Pipe::device”: class“std::vector<Device,std::allocator<Device>>”需要有 dll 接口由 class“Pipe”的客户端使用
F:\project\6131阅读王\Tools\Pipe.h(70): message : 参见“std::vector<Device,std::allocator<Device>>”的声明
F:\project\6131阅读王\Tools\Pipe.h(72,39): warning C4251: “Pipe::buffer”: class“std::queue<DataBox,std::deque<DataBox,std::allocator<DataBox>>>”需要有 dll 接口由 class“Pipe”的客户端使用
F:\project\6131阅读王\Tools\Pipe.h(72): message : 参见“std::queue<DataBox,std::deque<DataBox,std::allocator<DataBox>>>”的声明
F:\project\6131阅读王\Tools\Pipe.h(73,16): warning C4251: “Pipe::mtx”: class“std::mutex”需要有 dll 接口由 class“Pipe”的客户端使用
D:\Program Files\Microsoft Visual Studio\2022\Community\VC\Tools\MSVC\14.33.31629\include\mutex(86): message : 参见“std::mutex”的声明
F:\project\6131阅读王\Kernal_Runtime\System.h(70,32): warning C4251: “RuntimeSystem::systemErrorTable”: class“std::stack<unsigned short,std::deque<unsigned short,std::allocator<unsigned short>>>”需要有 dll 接口由 class“RuntimeSystem”的客户端使用
F:\project\6131阅读王\Kernal_Runtime\System.h(70): message : 参见“std::stack<unsigned short,std::deque<unsigned short,std::allocator<unsigned short>>>”的声明
F:\project\6131阅读王\Kernal_Runtime\System.h(72,13): warning C4251: “RuntimeSystem::mtx”: class“std::mutex”需要有 dll 接口由 class“RuntimeSystem”的客户端使用
D:\Program Files\Microsoft Visual Studio\2022\Community\VC\Tools\MSVC\14.33.31629\include\mutex(86): message : 参见“std::mutex”的声明
F:\project\6131阅读王\Kernal_Runtime\System.h(73,27): warning C4251: “RuntimeSystem::command_list”: class“std::queue<std::string *,std::deque<std::string *,std::allocator<std::string *>>>”需要有 dll 接口由 class“RuntimeSystem”的客户端使用
F:\project\6131阅读王\Kernal_Runtime\System.h(73): message : 参见“std::queue<std::string *,std::deque<std::string *,std::allocator<std::string *>>>”的声明
F:\project\6131阅读王\Kernal_Runtime\System.h(75,20): warning C4251: “RuntimeSystem::sys_mtx”: class“std::mutex”需要有 dll 接口由 class“RuntimeSystem”的客户端使用
D:\Program Files\Microsoft Visual Studio\2022\Community\VC\Tools\MSVC\14.33.31629\include\mutex(86): message : 参见“std::mutex”的声明
F:\project\6131阅读王\Tools\PromationFactory.h(25,32): warning C4251: “PromationFactory<CodeType,ReturnType,InstanceType>::switch_list”: class“std::map<CodeType,ReturnType,std::less<_Ty>,std::allocator<std::pair<const _Kty,_Ty>>>”需要有 dll 接口由 class“PromationFactory<CodeType,ReturnType,InstanceType>”的客户端使用
F:\project\6131阅读王\Tools\PromationFactory.h(25): message : 参见“std::map<CodeType,ReturnType,std::less<_Ty>,std::allocator<std::pair<const _Kty,_Ty>>>”的声明
F:\project\6131阅读王\Tools\PromationFactory.h(38): message : 查看对正在编译的 类 模板 实例化“PromationFactory<CodeType,ReturnType,InstanceType>”的引用
F:\project\6131阅读王\Tools\PromationFactory.h(25,32): warning C4251: “PromationFactory<unsigned short,void *,void>::switch_list”: class“std::map<CodeType,ReturnType,std::less<CodeType>,std::allocator<std::pair<const CodeType,ReturnType>>>”需要有 dll 接口由 class“PromationFactory<unsigned short,void *,void>”的客户端使用
          with
          [
              CodeType=unsigned short,
              ReturnType=void *
          ]
F:\project\6131阅读王\Tools\PromationFactory.h(25): message : 参见“std::map<CodeType,ReturnType,std::less<CodeType>,std::allocator<std::pair<const CodeType,ReturnType>>>”的声明
          with
          [
              CodeType=unsigned short,
              ReturnType=void *
          ]
F:\project\6131阅读王\Kernal_Runtime\SystemErrorPromationFactory.h(7): message : 查看对正在编译的 类 模板 实例化“PromationFactory<unsigned short,void *,void>”的引用
F:\project\6131阅读王\Tools\Tools.h(19,20): warning C4251: “Tools::mtx”: class“std::mutex”需要有 dll 接口由 class“Tools”的客户端使用
D:\Program Files\Microsoft Visual Studio\2022\Community\VC\Tools\MSVC\14.33.31629\include\mutex(86): message : 参见“std::mutex”的声明
  Kernal_Runtime.vcxproj -> F:\project\6131阅读王\Reader\x64\Debug\Kernal_Runtime.dll
