f:\project\kaku installer\kaku-framework-main\tools\x64\release\tools.pch
f:\project\kaku installer\kaku-framework-main\tools\x64\release\vc143.pdb
f:\project\kaku installer\kaku-framework-main\tools\x64\release\pch.obj
f:\project\kaku installer\kaku-framework-main\tools\x64\release\tools.obj
f:\project\kaku installer\kaku-framework-main\tools\x64\release\score.obj
f:\project\kaku installer\kaku-framework-main\tools\x64\release\dllmain.obj
f:\project\kaku installer\kaku-framework-main\tools\x64\release\promationfactory.obj
f:\project\kaku installer\kaku-framework-main\tools\x64\release\hashalgorithm.obj
f:\project\kaku installer\kaku-framework-main\tools\x64\release\bytestream.obj
f:\project\kaku installer\kaku-framework-main\tools\x64\release\abstractdatastructureinterface.obj
f:\project\kaku installer\kaku-framework-main\x64\release\tools.dll
f:\project\kaku installer\kaku-framework-main\tools\x64\release\tools.ipdb
f:\project\kaku installer\kaku-framework-main\x64\release\tools.pdb
f:\project\kaku installer\kaku-framework-main\tools\x64\release\tools.iobj
f:\project\kaku installer\kaku-framework-main\tools\x64\release\tools.res
f:\project\kaku installer\kaku-framework-main\x64\release\tools.lib
f:\project\kaku installer\kaku-framework-main\x64\release\tools.exp
f:\project\kaku installer\kaku-framework-main\tools\x64\release\tools.tlog\cl.command.1.tlog
f:\project\kaku installer\kaku-framework-main\tools\x64\release\tools.tlog\cl.read.1.tlog
f:\project\kaku installer\kaku-framework-main\tools\x64\release\tools.tlog\cl.write.1.tlog
f:\project\kaku installer\kaku-framework-main\tools\x64\release\tools.tlog\link.command.1.tlog
f:\project\kaku installer\kaku-framework-main\tools\x64\release\tools.tlog\link.read.1.tlog
f:\project\kaku installer\kaku-framework-main\tools\x64\release\tools.tlog\link.write.1.tlog
f:\project\kaku installer\kaku-framework-main\tools\x64\release\tools.tlog\rc.command.1.tlog
f:\project\kaku installer\kaku-framework-main\tools\x64\release\tools.tlog\rc.read.1.tlog
f:\project\kaku installer\kaku-framework-main\tools\x64\release\tools.tlog\rc.write.1.tlog
f:\project\kaku installer\kaku-framework-main\tools\x64\release\tools.tlog\tools.write.1u.tlog
